<?xml version="1.0" encoding="UTF-8" ?>
<testsuites name="vitest tests" tests="35" failures="0" errors="0" time="4.7548795">
    <testsuite name="test/scanner.e2e-spec.ts" timestamp="2026-04-15T03:30:47.710Z" hostname="DC-KJ3DT4LQPW.local" tests="35" failures="0" errors="0" skipped="0" time="4.7548795">
        <testcase classname="test/scanner.e2e-spec.ts" name="Scanner structures (e2e) &gt; organizationMode=book_per_folder &gt; book-per-folder-flat-root-file" time="0.121739833">
        </testcase>
        <testcase classname="test/scanner.e2e-spec.ts" name="Scanner structures (e2e) &gt; organizationMode=book_per_folder &gt; book-per-folder-mixed-root-and-folder" time="0.129137875">
        </testcase>
        <testcase classname="test/scanner.e2e-spec.ts" name="Scanner structures (e2e) &gt; organizationMode=book_per_folder &gt; book-per-folder-multi-format-folder-and-root-stray" time="0.128462708">
        </testcase>
        <testcase classname="test/scanner.e2e-spec.ts" name="Scanner structures (e2e) &gt; organizationMode=book_per_folder &gt; book-per-folder-audiobook-multipart-folder" time="0.124288667">
        </testcase>
        <testcase classname="test/scanner.e2e-spec.ts" name="Scanner structures (e2e) &gt; organizationMode=book_per_folder &gt; book-per-folder-disc-folder-flattening" time="0.125028375">
        </testcase>
        <testcase classname="test/scanner.e2e-spec.ts" name="Scanner structures (e2e) &gt; organizationMode=book_per_folder &gt; book-per-folder-ebook-with-stem-audio-subfolder" time="0.12772325">
        </testcase>
        <testcase classname="test/scanner.e2e-spec.ts" name="Scanner structures (e2e) &gt; organizationMode=book_per_folder &gt; book-per-folder-root-stem-audio-not-flattened" time="0.135436417">
        </testcase>
        <testcase classname="test/scanner.e2e-spec.ts" name="Scanner structures (e2e) &gt; organizationMode=book_per_folder &gt; book-per-folder-hidden-files-and-folders-ignored" time="0.126640375">
        </testcase>
        <testcase classname="test/scanner.e2e-spec.ts" name="Scanner structures (e2e) &gt; organizationMode=book_per_folder &gt; book-per-folder-exclude-patterns" time="0.126519708">
        </testcase>
        <testcase classname="test/scanner.e2e-spec.ts" name="Scanner structures (e2e) &gt; organizationMode=book_per_folder &gt; book-per-folder-allowed-formats" time="0.123326667">
        </testcase>
        <testcase classname="test/scanner.e2e-spec.ts" name="Scanner structures (e2e) &gt; organizationMode=book_per_folder &gt; book-per-folder-zero-byte-content-file-skipped" time="0.123150792">
        </testcase>
        <testcase classname="test/scanner.e2e-spec.ts" name="Scanner structures (e2e) &gt; organizationMode=book_per_folder &gt; book-per-folder-no-primary-files" time="0.118748583">
        </testcase>
        <testcase classname="test/scanner.e2e-spec.ts" name="Scanner structures (e2e) &gt; organizationMode=book_per_folder &gt; book-per-folder-deep-nested-book-folder" time="0.122631834">
        </testcase>
        <testcase classname="test/scanner.e2e-spec.ts" name="Scanner structures (e2e) &gt; organizationMode=book_per_folder &gt; book-per-folder-same-filename-different-authors" time="0.126866875">
        </testcase>
        <testcase classname="test/scanner.e2e-spec.ts" name="Scanner structures (e2e) &gt; organizationMode=book_per_folder &gt; book-per-folder-disc-name-variants-flattened" time="0.12586425">
        </testcase>
        <testcase classname="test/scanner.e2e-spec.ts" name="Scanner structures (e2e) &gt; organizationMode=book_per_folder &gt; book-per-folder-stem-subfolder-case-mismatch-no-merge" time="0.126321">
        </testcase>
        <testcase classname="test/scanner.e2e-spec.ts" name="Scanner structures (e2e) &gt; organizationMode=book_per_folder &gt; book-per-folder-stem-subfolder-with-disc-flattening" time="0.122238708">
        </testcase>
        <testcase classname="test/scanner.e2e-spec.ts" name="Scanner structures (e2e) &gt; organizationMode=book_per_folder &gt; book-per-folder-root-multi-format-files-remain-separate" time="0.118935375">
        </testcase>
        <testcase classname="test/scanner.e2e-spec.ts" name="Scanner structures (e2e) &gt; organizationMode=book_per_folder &gt; book-per-folder-multi-book-single-folder-coalesced" time="0.113775166">
        </testcase>
        <testcase classname="test/scanner.e2e-spec.ts" name="Scanner structures (e2e) &gt; organizationMode=book_per_folder &gt; book-per-folder-allowed-formats-audio-filter" time="0.1125685">
        </testcase>
        <testcase classname="test/scanner.e2e-spec.ts" name="Scanner structures (e2e) &gt; organizationMode=book_per_folder &gt; book-per-folder-exclude-exact-root-filename" time="0.118648125">
        </testcase>
        <testcase classname="test/scanner.e2e-spec.ts" name="Scanner structures (e2e) &gt; organizationMode=book_per_folder &gt; book-per-folder-uppercase-extensions" time="0.119853458">
        </testcase>
        <testcase classname="test/scanner.e2e-spec.ts" name="Scanner structures (e2e) &gt; organizationMode=book_per_folder &gt; book-per-folder-non-disc-similar-folder-not-flattened" time="0.131077875">
        </testcase>
        <testcase classname="test/scanner.e2e-spec.ts" name="Scanner structures (e2e) &gt; organizationMode=book_per_file &gt; book-per-file-multiple-content-files" time="0.123768959">
        </testcase>
        <testcase classname="test/scanner.e2e-spec.ts" name="Scanner structures (e2e) &gt; organizationMode=book_per_file &gt; book-per-file-audio-parts" time="0.120098584">
        </testcase>
        <testcase classname="test/scanner.e2e-spec.ts" name="Scanner structures (e2e) &gt; organizationMode=book_per_file &gt; book-per-file-ignore-non-content" time="0.130401459">
        </testcase>
        <testcase classname="test/scanner.e2e-spec.ts" name="Scanner structures (e2e) &gt; organizationMode=book_per_file &gt; book-per-file-allowed-formats-and-excludes" time="0.132419792">
        </testcase>
        <testcase classname="test/scanner.e2e-spec.ts" name="Scanner structures (e2e) &gt; organizationMode=book_per_file &gt; book-per-file-deep-root-mix" time="0.132637709">
        </testcase>
        <testcase classname="test/scanner.e2e-spec.ts" name="Scanner structures (e2e) &gt; organizationMode=book_per_file &gt; book-per-file-disc-subfolders-not-grouped" time="0.126081375">
        </testcase>
        <testcase classname="test/scanner.e2e-spec.ts" name="Scanner structures (e2e) &gt; organizationMode=book_per_file &gt; book-per-file-uppercase-extensions" time="0.118420667">
        </testcase>
        <testcase classname="test/scanner.e2e-spec.ts" name="Scanner structures (e2e) &gt; organizationMode=book_per_file &gt; book-per-file-exclude-exact-filename" time="0.119933458">
        </testcase>
        <testcase classname="test/scanner.e2e-spec.ts" name="Scanner structures (e2e) &gt; organizationMode=book_per_file &gt; book-per-file-allowed-formats-case-insensitive" time="0.121673791">
        </testcase>
        <testcase classname="test/scanner.e2e-spec.ts" name="Scanner structures (e2e) &gt; organizationMode=book_per_file &gt; book-per-file-hidden-and-no-extension-ignored" time="0.118652625">
        </testcase>
        <testcase classname="test/scanner.e2e-spec.ts" name="Scanner structures (e2e) &gt; organizationMode=book_per_file &gt; book-per-file-root-and-nested-same-name" time="0.114143459">
        </testcase>
        <testcase classname="test/scanner.e2e-spec.ts" name="Scanner structures (e2e) &gt; organizationMode=book_per_file &gt; book-per-file-zero-byte-file-skipped" time="0.117714958">
        </testcase>
    </testsuite>
</testsuites>
