<?xml version="1.0" encoding="UTF-8" ?>
<testsuites name="vitest tests" tests="39" failures="0" errors="0" time="37.268869625">
    <testsuite name="test/scanner-file-ops.e2e-spec.ts" timestamp="2026-04-15T03:31:40.314Z" hostname="DC-KJ3DT4LQPW.local" tests="39" failures="0" errors="0" skipped="0" time="37.268869625">
        <testcase classname="test/scanner-file-ops.e2e-spec.ts" name="Scanner file operations (e2e) &gt; structural scenarios &gt; manual-delete-primary-file-marks-missing" time="0.294578333">
        </testcase>
        <testcase classname="test/scanner-file-ops.e2e-spec.ts" name="Scanner file operations (e2e) &gt; structural scenarios &gt; manual-delete-folder-marks-only-removed-book-missing" time="0.3128125">
        </testcase>
        <testcase classname="test/scanner-file-ops.e2e-spec.ts" name="Scanner file operations (e2e) &gt; structural scenarios &gt; manual-rename-file-in-place" time="0.294205792">
        </testcase>
        <testcase classname="test/scanner-file-ops.e2e-spec.ts" name="Scanner file operations (e2e) &gt; structural scenarios &gt; manual-rename-folder" time="0.294784667">
        </testcase>
        <testcase classname="test/scanner-file-ops.e2e-spec.ts" name="Scanner file operations (e2e) &gt; structural scenarios &gt; manual-move-root-file-into-subfolder" time="0.30047175">
        </testcase>
        <testcase classname="test/scanner-file-ops.e2e-spec.ts" name="Scanner file operations (e2e) &gt; structural scenarios &gt; manual-move-subfolder-file-to-root" time="0.304838667">
        </testcase>
        <testcase classname="test/scanner-file-ops.e2e-spec.ts" name="Scanner file operations (e2e) &gt; structural scenarios &gt; manual-cross-library-file-move" time="0.524123875">
        </testcase>
        <testcase classname="test/scanner-file-ops.e2e-spec.ts" name="Scanner file operations (e2e) &gt; structural scenarios &gt; manual-cross-library-folder-move" time="0.506195334">
        </testcase>
        <testcase classname="test/scanner-file-ops.e2e-spec.ts" name="Scanner file operations (e2e) &gt; structural scenarios &gt; manual-multi-step-churn" time="0.294776084">
        </testcase>
        <testcase classname="test/scanner-file-ops.e2e-spec.ts" name="Scanner file operations (e2e) &gt; structural scenarios &gt; manual-book-per-file-delete-and-move" time="0.294187041">
        </testcase>
        <testcase classname="test/scanner-file-ops.e2e-spec.ts" name="Scanner file operations (e2e) &gt; structural scenarios &gt; manual-move-into-existing-folder-merges" time="0.295670708">
        </testcase>
        <testcase classname="test/scanner-file-ops.e2e-spec.ts" name="Scanner file operations (e2e) &gt; structural scenarios &gt; manual-cross-library-move-into-existing-folder-merges" time="0.539346042">
        </testcase>
        <testcase classname="test/scanner-file-ops.e2e-spec.ts" name="Scanner file operations (e2e) &gt; structural scenarios &gt; manual-delete-and-recreate-same-path" time="0.282088959">
        </testcase>
        <testcase classname="test/scanner-file-ops.e2e-spec.ts" name="Scanner file operations (e2e) &gt; structural scenarios &gt; manual-delete-and-recreate-folder-with-new-file" time="0.26758125">
        </testcase>
        <testcase classname="test/scanner-file-ops.e2e-spec.ts" name="Scanner file operations (e2e) &gt; structural scenarios &gt; manual-book-per-file-folder-move-multi-file" time="0.245308375">
        </testcase>
        <testcase classname="test/scanner-file-ops.e2e-spec.ts" name="Scanner file operations (e2e) &gt; structural scenarios &gt; manual-cross-library-move-then-reseed-source" time="0.514633208">
        </testcase>
        <testcase classname="test/scanner-file-ops.e2e-spec.ts" name="Scanner file operations (e2e) &gt; structural scenarios &gt; watcher-delete-primary-file-marks-missing" time="0.765211042">
        </testcase>
        <testcase classname="test/scanner-file-ops.e2e-spec.ts" name="Scanner file operations (e2e) &gt; structural scenarios &gt; watcher-delete-folder" time="0.791121958">
        </testcase>
        <testcase classname="test/scanner-file-ops.e2e-spec.ts" name="Scanner file operations (e2e) &gt; structural scenarios &gt; watcher-rename-file-in-place" time="0.781976542">
        </testcase>
        <testcase classname="test/scanner-file-ops.e2e-spec.ts" name="Scanner file operations (e2e) &gt; structural scenarios &gt; watcher-rename-folder" time="0.796244">
        </testcase>
        <testcase classname="test/scanner-file-ops.e2e-spec.ts" name="Scanner file operations (e2e) &gt; structural scenarios &gt; watcher-move-root-file-into-subfolder" time="3.918478333">
        </testcase>
        <testcase classname="test/scanner-file-ops.e2e-spec.ts" name="Scanner file operations (e2e) &gt; structural scenarios &gt; watcher-move-subfolder-file-to-root" time="3.886523458">
        </testcase>
        <testcase classname="test/scanner-file-ops.e2e-spec.ts" name="Scanner file operations (e2e) &gt; structural scenarios &gt; watcher-cross-library-file-move" time="0.8804715">
        </testcase>
        <testcase classname="test/scanner-file-ops.e2e-spec.ts" name="Scanner file operations (e2e) &gt; structural scenarios &gt; watcher-cross-library-folder-move" time="0.881713208">
        </testcase>
        <testcase classname="test/scanner-file-ops.e2e-spec.ts" name="Scanner file operations (e2e) &gt; structural scenarios &gt; watcher-case-only-file-rename" time="0.781255667">
        </testcase>
        <testcase classname="test/scanner-file-ops.e2e-spec.ts" name="Scanner file operations (e2e) &gt; structural scenarios &gt; watcher-non-content-file-creates-ignored" time="0.161706292">
        </testcase>
        <testcase classname="test/scanner-file-ops.e2e-spec.ts" name="Scanner file operations (e2e) &gt; structural scenarios &gt; watcher-non-content-file-delete-ignored" time="0.155078375">
        </testcase>
        <testcase classname="test/scanner-file-ops.e2e-spec.ts" name="Scanner file operations (e2e) &gt; structural scenarios &gt; watcher-book-per-file-delete-then-restore" time="1.693462125">
        </testcase>
        <testcase classname="test/scanner-file-ops.e2e-spec.ts" name="Scanner file operations (e2e) &gt; structural scenarios &gt; watcher-move-into-existing-folder-merges" time="3.746106125">
        </testcase>
        <testcase classname="test/scanner-file-ops.e2e-spec.ts" name="Scanner file operations (e2e) &gt; structural scenarios &gt; watcher-delete-and-recreate-same-path-within-debounce" time="0.134310834">
        </testcase>
        <testcase classname="test/scanner-file-ops.e2e-spec.ts" name="Scanner file operations (e2e) &gt; structural scenarios &gt; watcher-delete-and-recreate-folder-with-new-file" time="1.686218333">
        </testcase>
        <testcase classname="test/scanner-file-ops.e2e-spec.ts" name="Scanner file operations (e2e) &gt; structural scenarios &gt; watcher-cross-library-move-then-reseed-source" time="4.8905555">
        </testcase>
        <testcase classname="test/scanner-file-ops.e2e-spec.ts" name="Scanner file operations (e2e) &gt; structural scenarios &gt; watcher-create-then-delete-new-path-within-debounce" time="0.171457541">
        </testcase>
        <testcase classname="test/scanner-file-ops.e2e-spec.ts" name="Scanner file operations (e2e) &gt; structural scenarios &gt; watcher-book-per-file-cross-library-folder-move-multi-file" time="0.929455833">
        </testcase>
        <testcase classname="test/scanner-file-ops.e2e-spec.ts" name="Scanner file operations (e2e) &gt; stateful consistency scenarios &gt; stateful-manual-delete-primary-preserves-data" time="0.286941625">
        </testcase>
        <testcase classname="test/scanner-file-ops.e2e-spec.ts" name="Scanner file operations (e2e) &gt; stateful consistency scenarios &gt; stateful-manual-cross-library-move-preserves-book-identity" time="0.579881375">
        </testcase>
        <testcase classname="test/scanner-file-ops.e2e-spec.ts" name="Scanner file operations (e2e) &gt; stateful consistency scenarios &gt; stateful-watcher-cross-library-move-preserves-book-identity" time="0.976622459">
        </testcase>
        <testcase classname="test/scanner-file-ops.e2e-spec.ts" name="Scanner file operations (e2e) &gt; stateful consistency scenarios &gt; stateful-watcher-rename-folder-preserves-data" time="0.871528084">
        </testcase>
        <testcase classname="test/scanner-file-ops.e2e-spec.ts" name="Scanner file operations (e2e) &gt; stateful consistency scenarios &gt; stateful-watcher-delete-then-restore-preserves-data" time="1.502913459">
        </testcase>
    </testsuite>
</testsuites>
